<?xml version="1.0" encoding="utf-8" ?>
<!DOCTYPE html PUBLIC "-//W3C//DTD XHTML 1.0 Strict//EN"
        "http://www.w3.org/TR/xhtml1/DTD/xhtml1-strict.dtd">
<html xmlns="http://www.w3.org/1999/xhtml" xml:lang="" lang="">
<head>
  <title>Test Results Report - MyAccount Test</title>
  <meta http-equiv="Content-Type" content="text/html;charset=utf-8" />
  <meta name="description" content="TestNG unit test results." />
  <link href="reportng.css" rel="stylesheet" type="text/css" />
    <script type="text/javascript" src="reportng.js"></script>
</head>
<body>
<h1>MyAccount Test</h1>
<p>
  Test duration: 263.961s
</p>



  <table class="resultsTable">
    <tr><th colspan="3" class="header failed">Failed Tests</th></tr>
          <tr>
        <td colspan="3" class="group">demo.com.tutorialsninja.testsuite.DesktopTest</td>
      </tr>
            
<tr>
  <td class="method">
                  verifyProductAddedToShoppingCartSuccessFully
      </td>
  <td class="duration">
    41.217s
  </td>
  <td class="result">
        
    
            <div class="testOutput">
                        clickOnCurrencyLink[[ChromeDriver: chrome on WINDOWS (2cebc65e255c4fc698684148c3ad85cd)] -&gt; xpath: //span[contains(text(),&apos;Currency&apos;)]]<br />
                                clickOnDesktopLink[[ChromeDriver: chrome on WINDOWS (2cebc65e255c4fc698684148c3ad85cd)] -&gt; link text: Desktops]<br />
                                SortByNameZtoAFromDropdownProxy element for: DefaultElementLocator &apos;By.id: input-sort&apos;<br />
                  </div>
    

        <a href="javascript:toggleElement('exception-0', 'block')" title="Click to expand/collapse"><b>org.openqa.selenium.NoSuchElementException: no such element: Unable to locate element: {&quot;method&quot;:&quot;css selector&quot;,&quot;selector&quot;:&quot;#input\-sort&quot;}<br/>
&nbsp; (Session info: chrome=108.0.5359.99)<br/>
For documentation on this error, please visit: https://selenium.dev/exceptions/#no_such_element<br/>
Build info: version: &apos;4.6.0&apos;, revision: &apos;79f1c02ae20&apos;<br/>
System info: os.name: &apos;Windows 10&apos;, os.arch: &apos;amd64&apos;, os.version: &apos;10.0&apos;, java.version: &apos;1.8.0_121&apos;<br/>
Driver info: org.openqa.selenium.chrome.ChromeDriver<br/>
Command: [2cebc65e255c4fc698684148c3ad85cd, findElement {using=id, value=input-sort}]<br/>
Capabilities {acceptInsecureCerts: false, browserName: chrome, browserVersion: 108.0.5359.99, chrome: {chromedriverVersion: 108.0.5359.71 (1e0e3868ee06..., userDataDir: C:\Users\sawan\AppData\Loca...}, goog:chromeOptions: {debuggerAddress: localhost:52616}, networkConnectionEnabled: false, pageLoadStrategy: normal, platformName: WINDOWS, proxy: Proxy(), se:cdp: ws://localhost:52616/devtoo..., se:cdpVersion: 108.0.5359.99, setWindowRect: true, strictFileInteractability: false, timeouts: {implicit: 0, pageLoad: 300000, script: 30000}, unhandledPromptBehavior: dismiss and notify, webauthn:extension:credBlob: true, webauthn:extension:largeBlob: true, webauthn:virtualAuthenticators: true}<br/>
Session ID: 2cebc65e255c4fc698684148c3ad85cd</b></a><br />
    <div class="stackTrace" id="exception-0">
              sun.reflect.NativeConstructorAccessorImpl.newInstance0(Native Method)<br />
              sun.reflect.NativeConstructorAccessorImpl.newInstance(NativeConstructorAccessorImpl.java:62)<br />
              sun.reflect.DelegatingConstructorAccessorImpl.newInstance(DelegatingConstructorAccessorImpl.java:45)<br />
              java.lang.reflect.Constructor.newInstance(Constructor.java:423)<br />
              org.openqa.selenium.remote.codec.w3c.W3CHttpResponseCodec.createException(W3CHttpResponseCodec.java:200)<br />
              org.openqa.selenium.remote.codec.w3c.W3CHttpResponseCodec.decode(W3CHttpResponseCodec.java:133)<br />
              org.openqa.selenium.remote.codec.w3c.W3CHttpResponseCodec.decode(W3CHttpResponseCodec.java:53)<br />
              org.openqa.selenium.remote.HttpCommandExecutor.execute(HttpCommandExecutor.java:184)<br />
              org.openqa.selenium.remote.service.DriverCommandExecutor.invokeExecute(DriverCommandExecutor.java:167)<br />
              org.openqa.selenium.remote.service.DriverCommandExecutor.execute(DriverCommandExecutor.java:142)<br />
              org.openqa.selenium.remote.RemoteWebDriver.execute(RemoteWebDriver.java:541)<br />
              org.openqa.selenium.remote.ElementLocation$ElementFinder$2.findElement(ElementLocation.java:162)<br />
              org.openqa.selenium.remote.ElementLocation.findElement(ElementLocation.java:60)<br />
              org.openqa.selenium.remote.RemoteWebDriver.findElement(RemoteWebDriver.java:365)<br />
              org.openqa.selenium.remote.RemoteWebDriver.findElement(RemoteWebDriver.java:357)<br />
              org.openqa.selenium.support.pagefactory.DefaultElementLocator.findElement(DefaultElementLocator.java:70)<br />
              org.openqa.selenium.support.pagefactory.internal.LocatingElementHandler.invoke(LocatingElementHandler.java:39)<br />
              com.sun.proxy.$Proxy16.sendKeys(Unknown Source)<br />
              demo.com.tutorialsninja.utility.Utility.sendTextToElement(Utility.java:75)<br />
              demo.com.tutorialsninja.pages.Desktop.SortByNameZtoAFromDropdown(Desktop.java:80)<br />
              demo.com.tutorialsninja.testsuite.DesktopTest.verifyProductAddedToShoppingCartSuccessFully(DesktopTest.java:43)<br />
              sun.reflect.NativeMethodAccessorImpl.invoke0(Native Method)<br />
              sun.reflect.NativeMethodAccessorImpl.invoke(NativeMethodAccessorImpl.java:62)<br />
              sun.reflect.DelegatingMethodAccessorImpl.invoke(DelegatingMethodAccessorImpl.java:43)<br />
              java.lang.reflect.Method.invoke(Method.java:498)<br />
              org.testng.internal.invokers.MethodInvocationHelper.invokeMethod(MethodInvocationHelper.java:135)<br />
              org.testng.internal.invokers.TestInvoker.invokeMethod(TestInvoker.java:673)<br />
              org.testng.internal.invokers.TestInvoker.invokeTestMethod(TestInvoker.java:220)<br />
              org.testng.internal.invokers.MethodRunner.runInSequence(MethodRunner.java:50)<br />
              org.testng.internal.invokers.TestInvoker$MethodInvocationAgent.invoke(TestInvoker.java:945)<br />
              org.testng.internal.invokers.TestInvoker.invokeTestMethods(TestInvoker.java:193)<br />
              org.testng.internal.invokers.TestMethodWorker.invokeTestMethods(TestMethodWorker.java:146)<br />
              org.testng.internal.invokers.TestMethodWorker.run(TestMethodWorker.java:128)<br />
              java.util.ArrayList.forEach(ArrayList.java:1249)<br />
              org.testng.TestRunner.privateRun(TestRunner.java:808)<br />
              org.testng.TestRunner.run(TestRunner.java:603)<br />
              org.testng.SuiteRunner.runTest(SuiteRunner.java:429)<br />
              org.testng.SuiteRunner.runSequentially(SuiteRunner.java:423)<br />
              org.testng.SuiteRunner.privateRun(SuiteRunner.java:383)<br />
              org.testng.SuiteRunner.run(SuiteRunner.java:326)<br />
              org.testng.SuiteRunnerWorker.runSuite(SuiteRunnerWorker.java:52)<br />
              org.testng.SuiteRunnerWorker.run(SuiteRunnerWorker.java:95)<br />
              org.testng.TestNG.runSuitesSequentially(TestNG.java:1249)<br />
              org.testng.TestNG.runSuitesLocally(TestNG.java:1169)<br />
              org.testng.TestNG.runSuites(TestNG.java:1092)<br />
              org.testng.TestNG.run(TestNG.java:1060)<br />
              com.intellij.rt.testng.IDEARemoteTestNG.run(IDEARemoteTestNG.java:66)<br />
              com.intellij.rt.testng.RemoteTestNGStarter.main(RemoteTestNGStarter.java:109)<br />
                </div>
      </td>
</tr>
<tr>
  <td class="method">
                  verifyProductArrangeInAlphabeticalOrder
      </td>
  <td class="duration">
    20.644s
  </td>
  <td class="result">
        
    
            <div class="testOutput">
                        clickOnDesktopLink[[ChromeDriver: chrome on WINDOWS (d50787551e8968b24ab0f584e3f1b31a)] -&gt; link text: Desktops]<br />
                  </div>
    

        <a href="javascript:toggleElement('exception-1', 'block')" title="Click to expand/collapse"><b>org.openqa.selenium.NoSuchElementException: no such element: Unable to locate element: {&quot;method&quot;:&quot;css selector&quot;,&quot;selector&quot;:&quot;#input\-sort&quot;}<br/>
&nbsp; (Session info: chrome=108.0.5359.99)<br/>
For documentation on this error, please visit: https://selenium.dev/exceptions/#no_such_element<br/>
Build info: version: &apos;4.6.0&apos;, revision: &apos;79f1c02ae20&apos;<br/>
System info: os.name: &apos;Windows 10&apos;, os.arch: &apos;amd64&apos;, os.version: &apos;10.0&apos;, java.version: &apos;1.8.0_121&apos;<br/>
Driver info: org.openqa.selenium.chrome.ChromeDriver<br/>
Command: [d50787551e8968b24ab0f584e3f1b31a, findElement {using=id, value=input-sort}]<br/>
Capabilities {acceptInsecureCerts: false, browserName: chrome, browserVersion: 108.0.5359.99, chrome: {chromedriverVersion: 108.0.5359.71 (1e0e3868ee06..., userDataDir: C:\Users\sawan\AppData\Loca...}, goog:chromeOptions: {debuggerAddress: localhost:52728}, networkConnectionEnabled: false, pageLoadStrategy: normal, platformName: WINDOWS, proxy: Proxy(), se:cdp: ws://localhost:52728/devtoo..., se:cdpVersion: 108.0.5359.99, setWindowRect: true, strictFileInteractability: false, timeouts: {implicit: 0, pageLoad: 300000, script: 30000}, unhandledPromptBehavior: dismiss and notify, webauthn:extension:credBlob: true, webauthn:extension:largeBlob: true, webauthn:virtualAuthenticators: true}<br/>
Session ID: d50787551e8968b24ab0f584e3f1b31a</b></a><br />
    <div class="stackTrace" id="exception-1">
              sun.reflect.NativeConstructorAccessorImpl.newInstance0(Native Method)<br />
              sun.reflect.NativeConstructorAccessorImpl.newInstance(NativeConstructorAccessorImpl.java:62)<br />
              sun.reflect.DelegatingConstructorAccessorImpl.newInstance(DelegatingConstructorAccessorImpl.java:45)<br />
              java.lang.reflect.Constructor.newInstance(Constructor.java:423)<br />
              org.openqa.selenium.remote.codec.w3c.W3CHttpResponseCodec.createException(W3CHttpResponseCodec.java:200)<br />
              org.openqa.selenium.remote.codec.w3c.W3CHttpResponseCodec.decode(W3CHttpResponseCodec.java:133)<br />
              org.openqa.selenium.remote.codec.w3c.W3CHttpResponseCodec.decode(W3CHttpResponseCodec.java:53)<br />
              org.openqa.selenium.remote.HttpCommandExecutor.execute(HttpCommandExecutor.java:184)<br />
              org.openqa.selenium.remote.service.DriverCommandExecutor.invokeExecute(DriverCommandExecutor.java:167)<br />
              org.openqa.selenium.remote.service.DriverCommandExecutor.execute(DriverCommandExecutor.java:142)<br />
              org.openqa.selenium.remote.RemoteWebDriver.execute(RemoteWebDriver.java:541)<br />
              org.openqa.selenium.remote.ElementLocation$ElementFinder$2.findElement(ElementLocation.java:162)<br />
              org.openqa.selenium.remote.ElementLocation.findElement(ElementLocation.java:66)<br />
              org.openqa.selenium.remote.RemoteWebDriver.findElement(RemoteWebDriver.java:365)<br />
              org.openqa.selenium.remote.RemoteWebDriver.findElement(RemoteWebDriver.java:357)<br />
              demo.com.tutorialsninja.utility.Utility.selectByVisibleTextFromDropDown(Utility.java:142)<br />
              demo.com.tutorialsninja.pages.Desktop.verifyZtoAFromDropDroDown(Desktop.java:179)<br />
              demo.com.tutorialsninja.testsuite.DesktopTest.verifyProductArrangeInAlphabeticalOrder(DesktopTest.java:33)<br />
              sun.reflect.NativeMethodAccessorImpl.invoke0(Native Method)<br />
              sun.reflect.NativeMethodAccessorImpl.invoke(NativeMethodAccessorImpl.java:62)<br />
              sun.reflect.DelegatingMethodAccessorImpl.invoke(DelegatingMethodAccessorImpl.java:43)<br />
              java.lang.reflect.Method.invoke(Method.java:498)<br />
              org.testng.internal.invokers.MethodInvocationHelper.invokeMethod(MethodInvocationHelper.java:135)<br />
              org.testng.internal.invokers.TestInvoker.invokeMethod(TestInvoker.java:673)<br />
              org.testng.internal.invokers.TestInvoker.invokeTestMethod(TestInvoker.java:220)<br />
              org.testng.internal.invokers.MethodRunner.runInSequence(MethodRunner.java:50)<br />
              org.testng.internal.invokers.TestInvoker$MethodInvocationAgent.invoke(TestInvoker.java:945)<br />
              org.testng.internal.invokers.TestInvoker.invokeTestMethods(TestInvoker.java:193)<br />
              org.testng.internal.invokers.TestMethodWorker.invokeTestMethods(TestMethodWorker.java:146)<br />
              org.testng.internal.invokers.TestMethodWorker.run(TestMethodWorker.java:128)<br />
              java.util.ArrayList.forEach(ArrayList.java:1249)<br />
              org.testng.TestRunner.privateRun(TestRunner.java:808)<br />
              org.testng.TestRunner.run(TestRunner.java:603)<br />
              org.testng.SuiteRunner.runTest(SuiteRunner.java:429)<br />
              org.testng.SuiteRunner.runSequentially(SuiteRunner.java:423)<br />
              org.testng.SuiteRunner.privateRun(SuiteRunner.java:383)<br />
              org.testng.SuiteRunner.run(SuiteRunner.java:326)<br />
              org.testng.SuiteRunnerWorker.runSuite(SuiteRunnerWorker.java:52)<br />
              org.testng.SuiteRunnerWorker.run(SuiteRunnerWorker.java:95)<br />
              org.testng.TestNG.runSuitesSequentially(TestNG.java:1249)<br />
              org.testng.TestNG.runSuitesLocally(TestNG.java:1169)<br />
              org.testng.TestNG.runSuites(TestNG.java:1092)<br />
              org.testng.TestNG.run(TestNG.java:1060)<br />
              com.intellij.rt.testng.IDEARemoteTestNG.run(IDEARemoteTestNG.java:66)<br />
              com.intellij.rt.testng.RemoteTestNGStarter.main(RemoteTestNGStarter.java:109)<br />
                </div>
      </td>
</tr>
          <tr>
        <td colspan="3" class="group">demo.com.tutorialsninja.testsuite.LaptopAndNoteBooksTest</td>
      </tr>
            
<tr>
  <td class="method">
                  verifyThatUserPlaceOrderSuccessfully
      </td>
  <td class="duration">
    57.264s
  </td>
  <td class="result">
        
    
            <div class="testOutput">
                        clickOnCurrencyLink[[ChromeDriver: chrome on WINDOWS (c302c08d7b7c579d7d3fb7b2b0626742)] -&gt; xpath: //span[contains(text(),&apos;Currency&apos;)]]<br />
                                clickOnLaptopsLink[[ChromeDriver: chrome on WINDOWS (c302c08d7b7c579d7d3fb7b2b0626742)] -&gt; link text: Laptops &amp; Notebooks]<br />
                                clickOnAllLaptopAndNotebooksLink[[ChromeDriver: chrome on WINDOWS (c302c08d7b7c579d7d3fb7b2b0626742)] -&gt; link text: Show All Laptops &amp; Notebooks]<br />
                                clickOnMacbookLink[[ChromeDriver: chrome on WINDOWS (c302c08d7b7c579d7d3fb7b2b0626742)] -&gt; link text: MacBook]<br />
                                getVerifyMacbook[[ChromeDriver: chrome on WINDOWS (c302c08d7b7c579d7d3fb7b2b0626742)] -&gt; link text: MacBook]<br />
                                clickOnAddToCart[[ChromeDriver: chrome on WINDOWS (c302c08d7b7c579d7d3fb7b2b0626742)] -&gt; xpath: //button[@id=&apos;button-cart&apos;]]<br />
                                getVerifySuccess[[ChromeDriver: chrome on WINDOWS (c302c08d7b7c579d7d3fb7b2b0626742)] -&gt; xpath: //div[@class=&apos;alert alert-success alert-dismissible&apos;]]<br />
                                clickOnShoppingCart[[ChromeDriver: chrome on WINDOWS (c302c08d7b7c579d7d3fb7b2b0626742)] -&gt; xpath: //button[@id=&apos;button-cart&apos;]]<br />
                                getVerifyCart[[ChromeDriver: chrome on WINDOWS (c302c08d7b7c579d7d3fb7b2b0626742)] -&gt; xpath: //a[contains(text(),&apos;shopping cart&apos;)]]<br />
                                getVerifyProductMacbook[[ChromeDriver: chrome on WINDOWS (c302c08d7b7c579d7d3fb7b2b0626742)] -&gt; xpath: //div[@id=&apos;content&apos;]//h1]<br />
                                clickOnUpdateCart[[ChromeDriver: chrome on WINDOWS (c302c08d7b7c579d7d3fb7b2b0626742)] -&gt; xpath: //button[@id=&apos;button-cart&apos;]]<br />
                                getVerifyTotal[[ChromeDriver: chrome on WINDOWS (c302c08d7b7c579d7d3fb7b2b0626742)] -&gt; xpath: //header/div[1]/div[1]/div[3]/div[1]/button[1]]<br />
                                clickOnCheckoutCart[[ChromeDriver: chrome on WINDOWS (c302c08d7b7c579d7d3fb7b2b0626742)] -&gt; xpath: //header/div[1]/div[1]/div[3]/div[1]/button[1]]<br />
                                clickOnFinalCheckout[[ChromeDriver: chrome on WINDOWS (c302c08d7b7c579d7d3fb7b2b0626742)] -&gt; xpath: //body[1]/header[1]/div[1]/div[1]/div[3]/div[1]/ul[1]/li[2]/div[1]/p[1]/a[2]/strong[1]]<br />
                                getVerifyCheckout[[ChromeDriver: chrome on WINDOWS (c302c08d7b7c579d7d3fb7b2b0626742)] -&gt; xpath: //a[contains(text(),&apos;Checkout&apos;)]]<br />
                                clickOnGuestCheckout[[ChromeDriver: chrome on WINDOWS (c302c08d7b7c579d7d3fb7b2b0626742)] -&gt; xpath: //label[text()[normalize-space()=&apos;Guest Checkout&apos;]]]<br />
                                clickOnContinueTab[[ChromeDriver: chrome on WINDOWS (c302c08d7b7c579d7d3fb7b2b0626742)] -&gt; xpath: //input[@id=&apos;button-account&apos;]]<br />
                                enterNameKrish[[ChromeDriver: chrome on WINDOWS (c302c08d7b7c579d7d3fb7b2b0626742)] -&gt; name: firstname]<br />
                                enterLastNameDesai[[ChromeDriver: chrome on WINDOWS (c302c08d7b7c579d7d3fb7b2b0626742)] -&gt; name: lastname]<br />
                                enterTelephone01923517070[[ChromeDriver: chrome on WINDOWS (c302c08d7b7c579d7d3fb7b2b0626742)] -&gt; name: telephone]<br />
                                enterAddress20Tudorwalk[[ChromeDriver: chrome on WINDOWS (c302c08d7b7c579d7d3fb7b2b0626742)] -&gt; name: address_1]<br />
                                enterCityWatford[[ChromeDriver: chrome on WINDOWS (c302c08d7b7c579d7d3fb7b2b0626742)] -&gt; name: city]<br />
                                enterPostcodeWD24 7PA[[ChromeDriver: chrome on WINDOWS (c302c08d7b7c579d7d3fb7b2b0626742)] -&gt; name: postcode]<br />
                                enterCountryUK[[ChromeDriver: chrome on WINDOWS (c302c08d7b7c579d7d3fb7b2b0626742)] -&gt; id: input-payment-country]<br />
                                enterStateLondon[[ChromeDriver: chrome on WINDOWS (c302c08d7b7c579d7d3fb7b2b0626742)] -&gt; xpath: //select[@id=&apos;input-payment-zone&apos;]]<br />
                                clickOnCheckout[[ChromeDriver: chrome on WINDOWS (c302c08d7b7c579d7d3fb7b2b0626742)] -&gt; xpath: //input[@id=&apos;button-guest&apos;]]<br />
                                enterTextPlease Update Delivery date.Proxy element for: DefaultElementLocator &apos;By.tagName: textarea&apos;<br />
                  </div>
    

        <a href="javascript:toggleElement('exception-2', 'block')" title="Click to expand/collapse"><b>org.openqa.selenium.NoSuchElementException: no such element: Unable to locate element: {&quot;method&quot;:&quot;tag name&quot;,&quot;selector&quot;:&quot;textarea&quot;}<br/>
&nbsp; (Session info: chrome=108.0.5359.99)<br/>
For documentation on this error, please visit: https://selenium.dev/exceptions/#no_such_element<br/>
Build info: version: &apos;4.6.0&apos;, revision: &apos;79f1c02ae20&apos;<br/>
System info: os.name: &apos;Windows 10&apos;, os.arch: &apos;amd64&apos;, os.version: &apos;10.0&apos;, java.version: &apos;1.8.0_121&apos;<br/>
Driver info: org.openqa.selenium.chrome.ChromeDriver<br/>
Command: [c302c08d7b7c579d7d3fb7b2b0626742, findElement {using=tag name, value=textarea}]<br/>
Capabilities {acceptInsecureCerts: false, browserName: chrome, browserVersion: 108.0.5359.99, chrome: {chromedriverVersion: 108.0.5359.71 (1e0e3868ee06..., userDataDir: C:\Users\sawan\AppData\Loca...}, goog:chromeOptions: {debuggerAddress: localhost:52468}, networkConnectionEnabled: false, pageLoadStrategy: normal, platformName: WINDOWS, proxy: Proxy(), se:cdp: ws://localhost:52468/devtoo..., se:cdpVersion: 108.0.5359.99, setWindowRect: true, strictFileInteractability: false, timeouts: {implicit: 0, pageLoad: 300000, script: 30000}, unhandledPromptBehavior: dismiss and notify, webauthn:extension:credBlob: true, webauthn:extension:largeBlob: true, webauthn:virtualAuthenticators: true}<br/>
Session ID: c302c08d7b7c579d7d3fb7b2b0626742</b></a><br />
    <div class="stackTrace" id="exception-2">
              sun.reflect.NativeConstructorAccessorImpl.newInstance0(Native Method)<br />
              sun.reflect.NativeConstructorAccessorImpl.newInstance(NativeConstructorAccessorImpl.java:62)<br />
              sun.reflect.DelegatingConstructorAccessorImpl.newInstance(DelegatingConstructorAccessorImpl.java:45)<br />
              java.lang.reflect.Constructor.newInstance(Constructor.java:423)<br />
              org.openqa.selenium.remote.codec.w3c.W3CHttpResponseCodec.createException(W3CHttpResponseCodec.java:200)<br />
              org.openqa.selenium.remote.codec.w3c.W3CHttpResponseCodec.decode(W3CHttpResponseCodec.java:133)<br />
              org.openqa.selenium.remote.codec.w3c.W3CHttpResponseCodec.decode(W3CHttpResponseCodec.java:53)<br />
              org.openqa.selenium.remote.HttpCommandExecutor.execute(HttpCommandExecutor.java:184)<br />
              org.openqa.selenium.remote.service.DriverCommandExecutor.invokeExecute(DriverCommandExecutor.java:167)<br />
              org.openqa.selenium.remote.service.DriverCommandExecutor.execute(DriverCommandExecutor.java:142)<br />
              org.openqa.selenium.remote.RemoteWebDriver.execute(RemoteWebDriver.java:541)<br />
              org.openqa.selenium.remote.ElementLocation$ElementFinder$2.findElement(ElementLocation.java:162)<br />
              org.openqa.selenium.remote.ElementLocation.findElement(ElementLocation.java:60)<br />
              org.openqa.selenium.remote.RemoteWebDriver.findElement(RemoteWebDriver.java:365)<br />
              org.openqa.selenium.remote.RemoteWebDriver.findElement(RemoteWebDriver.java:357)<br />
              org.openqa.selenium.support.pagefactory.DefaultElementLocator.findElement(DefaultElementLocator.java:70)<br />
              org.openqa.selenium.support.pagefactory.internal.LocatingElementHandler.invoke(LocatingElementHandler.java:39)<br />
              com.sun.proxy.$Proxy16.sendKeys(Unknown Source)<br />
              demo.com.tutorialsninja.utility.Utility.sendTextToElement(Utility.java:75)<br />
              demo.com.tutorialsninja.pages.LaptopAndNotebooks.enterText(LaptopAndNotebooks.java:314)<br />
              demo.com.tutorialsninja.testsuite.LaptopAndNoteBooksTest.verifyThatUserPlaceOrderSuccessfully(LaptopAndNoteBooksTest.java:84)<br />
              sun.reflect.NativeMethodAccessorImpl.invoke0(Native Method)<br />
              sun.reflect.NativeMethodAccessorImpl.invoke(NativeMethodAccessorImpl.java:62)<br />
              sun.reflect.DelegatingMethodAccessorImpl.invoke(DelegatingMethodAccessorImpl.java:43)<br />
              java.lang.reflect.Method.invoke(Method.java:498)<br />
              org.testng.internal.invokers.MethodInvocationHelper.invokeMethod(MethodInvocationHelper.java:135)<br />
              org.testng.internal.invokers.TestInvoker.invokeMethod(TestInvoker.java:673)<br />
              org.testng.internal.invokers.TestInvoker.invokeTestMethod(TestInvoker.java:220)<br />
              org.testng.internal.invokers.MethodRunner.runInSequence(MethodRunner.java:50)<br />
              org.testng.internal.invokers.TestInvoker$MethodInvocationAgent.invoke(TestInvoker.java:945)<br />
              org.testng.internal.invokers.TestInvoker.invokeTestMethods(TestInvoker.java:193)<br />
              org.testng.internal.invokers.TestMethodWorker.invokeTestMethods(TestMethodWorker.java:146)<br />
              org.testng.internal.invokers.TestMethodWorker.run(TestMethodWorker.java:128)<br />
              java.util.ArrayList.forEach(ArrayList.java:1249)<br />
              org.testng.TestRunner.privateRun(TestRunner.java:808)<br />
              org.testng.TestRunner.run(TestRunner.java:603)<br />
              org.testng.SuiteRunner.runTest(SuiteRunner.java:429)<br />
              org.testng.SuiteRunner.runSequentially(SuiteRunner.java:423)<br />
              org.testng.SuiteRunner.privateRun(SuiteRunner.java:383)<br />
              org.testng.SuiteRunner.run(SuiteRunner.java:326)<br />
              org.testng.SuiteRunnerWorker.runSuite(SuiteRunnerWorker.java:52)<br />
              org.testng.SuiteRunnerWorker.run(SuiteRunnerWorker.java:95)<br />
              org.testng.TestNG.runSuitesSequentially(TestNG.java:1249)<br />
              org.testng.TestNG.runSuitesLocally(TestNG.java:1169)<br />
              org.testng.TestNG.runSuites(TestNG.java:1092)<br />
              org.testng.TestNG.run(TestNG.java:1060)<br />
              com.intellij.rt.testng.IDEARemoteTestNG.run(IDEARemoteTestNG.java:66)<br />
              com.intellij.rt.testng.RemoteTestNGStarter.main(RemoteTestNGStarter.java:109)<br />
                </div>
      </td>
</tr>
      </table>


  <table class="resultsTable">
    <tr><th colspan="3" class="header passed">Passed Tests</th></tr>
          <tr>
        <td colspan="3" class="group">demo.com.tutorialsninja.testsuite.HomePageTest</td>
      </tr>
            
<tr>
  <td class="method">
                  verifyUserShouldNavigateToComponentsPageSuccessfully
      </td>
  <td class="duration">
    1.189s
  </td>
  <td class="result">
        
    
            <div class="testOutput">
                        clickOnComponentsLink[[ChromeDriver: chrome on WINDOWS (4d3a280be902e8b98cd5acb78c04d2d7)] -&gt; link text: Components]<br />
                                getVerifyText2[[ChromeDriver: chrome on WINDOWS (4d3a280be902e8b98cd5acb78c04d2d7)] -&gt; xpath: //h2[contains(text(),&apos;Components&apos;)]]<br />
                  </div>
    

      </td>
</tr>
<tr>
  <td class="method">
                  verifyUserShouldNavigateToDesktopsPageSuccessfully
      </td>
  <td class="duration">
    1.312s
  </td>
  <td class="result">
        
    
            <div class="testOutput">
                        clickOnDesktopLink[[ChromeDriver: chrome on WINDOWS (62326bc87aab7fc5d945fc55284060bf)] -&gt; link text: Desktops]<br />
                                getVerifyText[[ChromeDriver: chrome on WINDOWS (62326bc87aab7fc5d945fc55284060bf)] -&gt; xpath: //h2[contains(text(),&apos;Desktops&apos;)]]<br />
                  </div>
    

      </td>
</tr>
<tr>
  <td class="method">
                  verifyUserShouldNavigateToLaptopsAndNotebooksPageSuccessfully
      </td>
  <td class="duration">
    1.619s
  </td>
  <td class="result">
        
    
            <div class="testOutput">
                        clickOnLaptopNotebooksLink[[ChromeDriver: chrome on WINDOWS (739a47dae2c950d6ef9d5a1f9b90fa5f)] -&gt; link text: Laptops &amp; Notebooks]<br />
                                getVerifyText1[[ChromeDriver: chrome on WINDOWS (739a47dae2c950d6ef9d5a1f9b90fa5f)] -&gt; xpath: //h2[contains(text(),&apos;Laptops &amp; Notebooks&apos;)]]<br />
                  </div>
    

      </td>
</tr>
          <tr>
        <td colspan="3" class="group">demo.com.tutorialsninja.testsuite.LaptopAndNoteBooksTest</td>
      </tr>
            
<tr>
  <td class="method">
                  verifyProductsPriceDisplayHighToLowSuccessfully
      </td>
  <td class="duration">
    3.150s
  </td>
  <td class="result">
        
    
            <div class="testOutput">
                        clickOnLaptopsLink[[ChromeDriver: chrome on WINDOWS (26aeb7c2f7d20d0204c5529d90b48ec0)] -&gt; link text: Laptops &amp; Notebooks]<br />
                                clickOnAllLaptopAndNotebooksLink[[ChromeDriver: chrome on WINDOWS (26aeb7c2f7d20d0204c5529d90b48ec0)] -&gt; link text: Show All Laptops &amp; Notebooks]<br />
                  </div>
    

      </td>
</tr>
          <tr>
        <td colspan="3" class="group">demo.com.tutorialsninja.testsuite.MyAccountTest</td>
      </tr>
            
<tr>
  <td class="method">
                  verifyThatUserRegisterAccountSuccessfully
      </td>
  <td class="duration">
    24.179s
  </td>
  <td class="result">
        
    
            <div class="testOutput">
                        clickOnMyAccount[[ChromeDriver: chrome on WINDOWS (3c9802b593682036effb7c19906b72dc)] -&gt; xpath: //span[contains(text(),&apos;My Account&apos;)]]<br />
                                enterPassword[[ChromeDriver: chrome on WINDOWS (3c9802b593682036effb7c19906b72dc)] -&gt; id: input-password]<br />
                                enterFirstNameKrish[[ChromeDriver: chrome on WINDOWS (3c9802b593682036effb7c19906b72dc)] -&gt; id: input-firstname]<br />
                                enterLastNameDesaiDesai<br />
                                enterEmailAddKrishD2e@gmail.com[[ChromeDriver: chrome on WINDOWS (3c9802b593682036effb7c19906b72dc)] -&gt; id: input-email]<br />
                                enterPhone[[ChromeDriver: chrome on WINDOWS (3c9802b593682036effb7c19906b72dc)] -&gt; id: input-telephone]<br />
                                enterPassword[[ChromeDriver: chrome on WINDOWS (3c9802b593682036effb7c19906b72dc)] -&gt; id: input-password]<br />
                                enterConfirmPass[[ChromeDriver: chrome on WINDOWS (3c9802b593682036effb7c19906b72dc)] -&gt; id: input-confirm]<br />
                                clickYesOnNewsLetter[[ChromeDriver: chrome on WINDOWS (3c9802b593682036effb7c19906b72dc)] -&gt; xpath: //input[@name=&apos;newsletter&apos;]]<br />
                                clickOnPrivacy[[ChromeDriver: chrome on WINDOWS (3c9802b593682036effb7c19906b72dc)] -&gt; xpath: //div[@class = &apos;buttons&apos;]//input[@name=&apos;agree&apos;]]<br />
                                clickFinalContinue[[ChromeDriver: chrome on WINDOWS (3c9802b593682036effb7c19906b72dc)] -&gt; xpath: //div[@class = &apos;buttons&apos;]//input[@value=&apos;Continue&apos;]]<br />
                                getVerifyMessage[[ChromeDriver: chrome on WINDOWS (3c9802b593682036effb7c19906b72dc)] -&gt; xpath: //div[@id =&apos;content&apos;]//h1]<br />
                                clickOnMyAccountTab[[ChromeDriver: chrome on WINDOWS (3c9802b593682036effb7c19906b72dc)] -&gt; xpath: //span[contains(text(),&apos;My Account&apos;)]]<br />
                  </div>
    

      </td>
</tr>
<tr>
  <td class="method">
                  verifyThatUserShouldLoginAndLogoutSuccessfully
      </td>
  <td class="duration">
    22.398s
  </td>
  <td class="result">
        
    
            <div class="testOutput">
                        clickOnMyAccountTab[[ChromeDriver: chrome on WINDOWS (baea2f1668b7747cdd8ba4d3e7532acb)] -&gt; xpath: //span[contains(text(),&apos;My Account&apos;)]]<br />
                                enterEmailAddKrishD@gmail.com[[ChromeDriver: chrome on WINDOWS (baea2f1668b7747cdd8ba4d3e7532acb)] -&gt; id: input-email]<br />
                                enterPassword[[ChromeDriver: chrome on WINDOWS (baea2f1668b7747cdd8ba4d3e7532acb)] -&gt; id: input-password]<br />
                                clickOnContinueTab[[ChromeDriver: chrome on WINDOWS (baea2f1668b7747cdd8ba4d3e7532acb)] -&gt; xpath: //a[contains(text(),&apos;Continue&apos;)]]<br />
                  </div>
    

      </td>
</tr>
<tr>
  <td class="method">
                  verifyUserShouldNavigateToLoginPageSuccessfully
      </td>
  <td class="duration">
    0.939s
  </td>
  <td class="result">
        
    
            <div class="testOutput">
                        clickOnMyAccount[[ChromeDriver: chrome on WINDOWS (3951420df35060e7f51399be89a0b1ca)] -&gt; xpath: //span[contains(text(),&apos;My Account&apos;)]]<br />
                                getVerifyReturning[[ChromeDriver: chrome on WINDOWS (3951420df35060e7f51399be89a0b1ca)] -&gt; xpath: //h2[contains(text(),&apos;Returning Customer&apos;)]]<br />
                  </div>
    

      </td>
</tr>
<tr>
  <td class="method">
                  verifyUserShouldNavigateToRegisterPageSuccessfully
      </td>
  <td class="duration">
    21.397s
  </td>
  <td class="result">
        
    
            <div class="testOutput">
                        clickOnMyAccount[[ChromeDriver: chrome on WINDOWS (b8935c97626ffdd4eef73b20f86704a5)] -&gt; xpath: //span[contains(text(),&apos;My Account&apos;)]]<br />
                                getVerifyRegister[[ChromeDriver: chrome on WINDOWS (b8935c97626ffdd4eef73b20f86704a5)] -&gt; xpath: //h1[contains(text(),&apos;Register Account&apos;)]]<br />
                  </div>
    

      </td>
</tr>
      </table>
  
</body>
</html>
